<?xml version="1.0" encoding="UTF-8"?>
<!-- Generated by org.testng.reporters.JUnitXMLReporter -->
<testsuite hostname="WKMIN6606455" ignored="0" name="Default test" tests="3" failures="0" timestamp="2019-09-19T10:25:32 IST" time="5.89" errors="0">
  <testcase name="testCurrentWeatherWithLatAndLon" time="2.824" classname="api.TestCurrentWeather"/>
  <testcase name="testCurrentWeatherWithPostCode" time="1.493" classname="api.TestCurrentWeather"/>
  <testcase name="testCurrentWeatherWithPostCode" time="1.54" classname="api.TestCurrentWeather"/>
</testsuite> <!-- Default test -->
