<?xml version="1.0" encoding="UTF-8"?>
<testsuite xmlns:xsi="http://www.w3.org/2001/XMLSchema-instance" xsi:schemaLocation="https://maven.apache.org/surefire/maven-surefire-plugin/xsd/surefire-test-report.xsd" name="TestSuite" time="265.959" tests="22" errors="0" skipped="4" failures="6">
  <properties>
[...]
</properties>
  <testcase name="testCurrentWeatherWithInvalidKey" classname="com.wheather.qa.api.TestCurrentWeather" time="5.561"/>
  <testcase name="testCurrentWeatherWithInvalidPostalCode" classname="com.wheather.qa.api.TestCurrentWeather" time="1.906">
    <failure message="1 expectation failed.&#10;Expected status code &lt;400&gt; doesn&apos;t match actual status code &lt;200&gt;.&#10;" type="java.lang.AssertionError"><![CDATA[java.lang.AssertionError: 
1 expectation failed.
Expected status code <400> doesn't match actual status code <200>.

	at com.wheather.qa.api.TestCurrentWeather.testCurrentWeatherWithInvalidPostalCode(TestCurrentWeather.java:53)
]]></failure>
    <system-out><![CDATA[Request method:	GET
Request URI:	https://api.weatherbit.io/v2.0/current?postal_code=-60173&key=f798d5303d9c444ba0a776785af0f8de
Proxy:			<none>
Request params:	<none>
Query params:	postal_code=-60173
				key=f798d5303d9c444ba0a776785af0f8de
Form params:	<none>
Path params:	<none>
Multiparts:		<none>
Headers:		Accept=*/*
Cookies:		<none>
Body:			<none>
]]></system-out>
  </testcase>
  <testcase name="testCurrentWeatherWithLatAndLon" classname="com.wheather.qa.api.TestCurrentWeather" time="1.511"/>
  <testcase name="testCurrentWeatherWithLatAndLon" classname="com.wheather.qa.api.TestCurrentWeather" time="1.536"/>
  <testcase name="testCurrentWeatherWithLatAndLon" classname="com.wheather.qa.api.TestCurrentWeather" time="1.943"/>
  <testcase name="testCurrentWeatherWithLatAndLon" classname="com.wheather.qa.api.TestCurrentWeather" time="1.474"/>
  <testcase name="testCurrentWeatherWithPostCode" classname="com.wheather.qa.api.TestCurrentWeather" time="1.646"/>
  <testcase name="testCurrentWeatherWithPostCode" classname="com.wheather.qa.api.TestCurrentWeather" time="1.702"/>
  <testcase name="testCurrentWeatherWithPostCode" classname="com.wheather.qa.api.TestCurrentWeather" time="1.521"/>
  <testcase name="testCurrentWeatherWithPostCode" classname="com.wheather.qa.api.TestCurrentWeather" time="1.741"/>
  <testcase name="setUp" classname="com.wheather.qa.testcases.HotelsResultPageTest" time="44.564">
    <failure message="no such element: Unable to locate element: {&quot;method&quot;:&quot;xpath&quot;,&quot;selector&quot;:&quot;//div[@id=&apos;select2-drop&apos;]//input[@class=&apos;select2-input&apos;]&quot;}&#10;  (Session info: chrome=76.0.3809.132)&#10;For documentation on this error, please visit: https://www.seleniumhq.org/exceptions/no_such_element.html&#10;Build info: version: &apos;3.141.59&apos;, revision: &apos;e82be7d358&apos;, time: &apos;2018-11-14T08:17:03&apos;&#10;System info: host: &apos;DESKTOP-CP8B26T&apos;, ip: &apos;192.168.1.5&apos;, os.name: &apos;Windows 10&apos;, os.arch: &apos;amd64&apos;, os.version: &apos;10.0&apos;, java.version: &apos;1.8.0_211&apos;&#10;Driver info: org.openqa.selenium.chrome.ChromeDriver&#10;Capabilities {acceptInsecureCerts: false, browserName: chrome, browserVersion: 76.0.3809.132, chrome: {chromedriverVersion: 76.0.3809.68 (420c9498db8ce..., userDataDir: C:\Users\ritik\AppData\Loca...}, goog:chromeOptions: {debuggerAddress: localhost:55145}, javascriptEnabled: true, networkConnectionEnabled: false, pageLoadStrategy: normal, platform: XP, platformName: XP, proxy: Proxy(), setWindowRect: true, strictFileInteractability: false, timeouts: {implicit: 0, pageLoad: 300000, script: 30000}, unhandledPromptBehavior: dismiss and notify}&#10;Session ID: d2130ace6e16e6e6f00f2458ce0385f6&#10;*** Element info: {Using=xpath, value=//div[@id=&apos;select2-drop&apos;]//input[@class=&apos;select2-input&apos;]}" type="org.openqa.selenium.NoSuchElementException">org.openqa.selenium.NoSuchElementException: 
no such element: Unable to locate element: {"method":"xpath","selector":"//div[@id='select2-drop']//input[@class='select2-input']"}
  (Session info: chrome=76.0.3809.132)
For documentation on this error, please visit: https://www.seleniumhq.org/exceptions/no_such_element.html
Build info: version: '3.141.59', revision: 'e82be7d358', time: '2018-11-14T08:17:03'
System info: host: 'DESKTOP-CP8B26T', ip: '192.168.1.5', os.name: 'Windows 10', os.arch: 'amd64', os.version: '10.0', java.version: '1.8.0_211'
Driver info: org.openqa.selenium.chrome.ChromeDriver
Capabilities {acceptInsecureCerts: false, browserName: chrome, browserVersion: 76.0.3809.132, chrome: {chromedriverVersion: 76.0.3809.68 (420c9498db8ce..., userDataDir: C:\Users\ritik\AppData\Loca...}, goog:chromeOptions: {debuggerAddress: localhost:55145}, javascriptEnabled: true, networkConnectionEnabled: false, pageLoadStrategy: normal, platform: XP, platformName: XP, proxy: Proxy(), setWindowRect: true, strictFileInteractability: false, timeouts: {implicit: 0, pageLoad: 300000, script: 30000}, unhandledPromptBehavior: dismiss and notify}
Session ID: d2130ace6e16e6e6f00f2458ce0385f6
*** Element info: {Using=xpath, value=//div[@id='select2-drop']//input[@class='select2-input']}
	at com.wheather.qa.testcases.HotelsResultPageTest.setUp(HotelsResultPageTest.java:29)
</failure>
    <system-err><![CDATA[Starting ChromeDriver 76.0.3809.68 (420c9498db8ce8fcd190a954d51297672c1515d5-refs/branch-heads/3809@{#864}) on port 41664
Only local connections are allowed.
Please protect ports used by ChromeDriver and related test frameworks to prevent access by malicious code.
[1568981963.789][WARNING]: Timed out connecting to Chrome, retrying...
Sep 20, 2019 5:49:25 PM org.openqa.selenium.remote.ProtocolHandshake createSession
INFO: Detected dialect: W3C
[1568981968.026][WARNING]: Timed out connecting to Chrome, retrying...
]]></system-err>
  </testcase>
  <testcase name="selectHotelTest" classname="com.wheather.qa.testcases.HotelsResultPageTest" time="0">
    <skipped/>
  </testcase>
  <testcase name="tearDown" classname="com.wheather.qa.testcases.HotelsResultPageTest" time="0">
    <skipped/>
  </testcase>
  <testcase name="setUp" classname="com.wheather.qa.testcases.HotelDetailsPageTest" time="39.995">
    <failure message="no such element: Unable to locate element: {&quot;method&quot;:&quot;xpath&quot;,&quot;selector&quot;:&quot;//div[@id=&apos;select2-drop&apos;]//input[@class=&apos;select2-input&apos;]&quot;}&#10;  (Session info: chrome=76.0.3809.132)&#10;For documentation on this error, please visit: https://www.seleniumhq.org/exceptions/no_such_element.html&#10;Build info: version: &apos;3.141.59&apos;, revision: &apos;e82be7d358&apos;, time: &apos;2018-11-14T08:17:03&apos;&#10;System info: host: &apos;DESKTOP-CP8B26T&apos;, ip: &apos;192.168.1.5&apos;, os.name: &apos;Windows 10&apos;, os.arch: &apos;amd64&apos;, os.version: &apos;10.0&apos;, java.version: &apos;1.8.0_211&apos;&#10;Driver info: org.openqa.selenium.chrome.ChromeDriver&#10;Capabilities {acceptInsecureCerts: false, browserName: chrome, browserVersion: 76.0.3809.132, chrome: {chromedriverVersion: 76.0.3809.68 (420c9498db8ce..., userDataDir: C:\Users\ritik\AppData\Loca...}, goog:chromeOptions: {debuggerAddress: localhost:55186}, javascriptEnabled: true, networkConnectionEnabled: false, pageLoadStrategy: normal, platform: XP, platformName: XP, proxy: Proxy(), setWindowRect: true, strictFileInteractability: false, timeouts: {implicit: 0, pageLoad: 300000, script: 30000}, unhandledPromptBehavior: dismiss and notify}&#10;Session ID: d61e31459c161291b1ffa35b8a0536c9&#10;*** Element info: {Using=xpath, value=//div[@id=&apos;select2-drop&apos;]//input[@class=&apos;select2-input&apos;]}" type="org.openqa.selenium.NoSuchElementException">org.openqa.selenium.NoSuchElementException: 
no such element: Unable to locate element: {"method":"xpath","selector":"//div[@id='select2-drop']//input[@class='select2-input']"}
  (Session info: chrome=76.0.3809.132)
For documentation on this error, please visit: https://www.seleniumhq.org/exceptions/no_such_element.html
Build info: version: '3.141.59', revision: 'e82be7d358', time: '2018-11-14T08:17:03'
System info: host: 'DESKTOP-CP8B26T', ip: '192.168.1.5', os.name: 'Windows 10', os.arch: 'amd64', os.version: '10.0', java.version: '1.8.0_211'
Driver info: org.openqa.selenium.chrome.ChromeDriver
Capabilities {acceptInsecureCerts: false, browserName: chrome, browserVersion: 76.0.3809.132, chrome: {chromedriverVersion: 76.0.3809.68 (420c9498db8ce..., userDataDir: C:\Users\ritik\AppData\Loca...}, goog:chromeOptions: {debuggerAddress: localhost:55186}, javascriptEnabled: true, networkConnectionEnabled: false, pageLoadStrategy: normal, platform: XP, platformName: XP, proxy: Proxy(), setWindowRect: true, strictFileInteractability: false, timeouts: {implicit: 0, pageLoad: 300000, script: 30000}, unhandledPromptBehavior: dismiss and notify}
Session ID: d61e31459c161291b1ffa35b8a0536c9
*** Element info: {Using=xpath, value=//div[@id='select2-drop']//input[@class='select2-input']}
	at com.wheather.qa.testcases.HotelDetailsPageTest.setUp(HotelDetailsPageTest.java:35)
</failure>
    <system-err><![CDATA[Starting ChromeDriver 76.0.3809.68 (420c9498db8ce8fcd190a954d51297672c1515d5-refs/branch-heads/3809@{#864}) on port 14478
Only local connections are allowed.
Please protect ports used by ChromeDriver and related test frameworks to prevent access by malicious code.
[1568982006.036][WARNING]: Timed out connecting to Chrome, retrying...
Sep 20, 2019 5:50:08 PM org.openqa.selenium.remote.ProtocolHandshake createSession
INFO: Detected dialect: W3C
[1568982010.119][WARNING]: Timed out connecting to Chrome, retrying...
]]></system-err>
  </testcase>
  <testcase name="clickOnBookNow" classname="com.wheather.qa.testcases.HotelDetailsPageTest" time="0">
    <skipped/>
  </testcase>
  <testcase name="tearDown" classname="com.wheather.qa.testcases.HotelDetailsPageTest" time="0">
    <skipped/>
  </testcase>
  <testcase name="loginPageTitleTest" classname="com.wheather.qa.testcases.LoginPageTest" time="0.012">
    <failure message="expected [Login] but found [Demo PHPTRAVELS]" type="java.lang.AssertionError">java.lang.AssertionError: expected [Login] but found [Demo PHPTRAVELS]
	at com.wheather.qa.testcases.LoginPageTest.loginPageTitleTest(LoginPageTest.java:39)
</failure>
    <system-err><![CDATA[Starting ChromeDriver 76.0.3809.68 (420c9498db8ce8fcd190a954d51297672c1515d5-refs/branch-heads/3809@{#864}) on port 6319
Only local connections are allowed.
Please protect ports used by ChromeDriver and related test frameworks to prevent access by malicious code.
[1568982045.356][WARNING]: Timed out connecting to Chrome, retrying...
Sep 20, 2019 5:50:47 PM org.openqa.selenium.remote.ProtocolHandshake createSession
INFO: Detected dialect: W3C
[1568982049.507][WARNING]: Timed out connecting to Chrome, retrying...
]]></system-err>
  </testcase>
  <testcase name="homePageTitleTest" classname="com.wheather.qa.testcases.HomePageTest" time="0.025"/>
  <testcase name="loginButtonTest" classname="com.wheather.qa.testcases.LoginPageTest" time="10.07">
    <failure message="no such element: Unable to locate element: {&quot;method&quot;:&quot;xpath&quot;,&quot;selector&quot;:&quot;//button[text()=&apos;Login&apos;]&quot;}&#10;  (Session info: chrome=76.0.3809.132)&#10;For documentation on this error, please visit: https://www.seleniumhq.org/exceptions/no_such_element.html&#10;Build info: version: &apos;3.141.59&apos;, revision: &apos;e82be7d358&apos;, time: &apos;2018-11-14T08:17:03&apos;&#10;System info: host: &apos;DESKTOP-CP8B26T&apos;, ip: &apos;192.168.1.5&apos;, os.name: &apos;Windows 10&apos;, os.arch: &apos;amd64&apos;, os.version: &apos;10.0&apos;, java.version: &apos;1.8.0_211&apos;&#10;Driver info: org.openqa.selenium.chrome.ChromeDriver&#10;Capabilities {acceptInsecureCerts: false, browserName: chrome, browserVersion: 76.0.3809.132, chrome: {chromedriverVersion: 76.0.3809.68 (420c9498db8ce..., userDataDir: C:\Users\ritik\AppData\Loca...}, goog:chromeOptions: {debuggerAddress: localhost:55344}, javascriptEnabled: true, networkConnectionEnabled: false, pageLoadStrategy: normal, platform: XP, platformName: XP, proxy: Proxy(), setWindowRect: true, strictFileInteractability: false, timeouts: {implicit: 0, pageLoad: 300000, script: 30000}, unhandledPromptBehavior: dismiss and notify}&#10;Session ID: bcf725439495ad45c3c5c4ddb6a05fd2&#10;*** Element info: {Using=xpath, value=//button[text()=&apos;Login&apos;]}" type="org.openqa.selenium.NoSuchElementException">org.openqa.selenium.NoSuchElementException: 
no such element: Unable to locate element: {"method":"xpath","selector":"//button[text()='Login']"}
  (Session info: chrome=76.0.3809.132)
For documentation on this error, please visit: https://www.seleniumhq.org/exceptions/no_such_element.html
Build info: version: '3.141.59', revision: 'e82be7d358', time: '2018-11-14T08:17:03'
System info: host: 'DESKTOP-CP8B26T', ip: '192.168.1.5', os.name: 'Windows 10', os.arch: 'amd64', os.version: '10.0', java.version: '1.8.0_211'
Driver info: org.openqa.selenium.chrome.ChromeDriver
Capabilities {acceptInsecureCerts: false, browserName: chrome, browserVersion: 76.0.3809.132, chrome: {chromedriverVersion: 76.0.3809.68 (420c9498db8ce..., userDataDir: C:\Users\ritik\AppData\Loca...}, goog:chromeOptions: {debuggerAddress: localhost:55344}, javascriptEnabled: true, networkConnectionEnabled: false, pageLoadStrategy: normal, platform: XP, platformName: XP, proxy: Proxy(), setWindowRect: true, strictFileInteractability: false, timeouts: {implicit: 0, pageLoad: 300000, script: 30000}, unhandledPromptBehavior: dismiss and notify}
Session ID: bcf725439495ad45c3c5c4ddb6a05fd2
*** Element info: {Using=xpath, value=//button[text()='Login']}
	at com.wheather.qa.testcases.LoginPageTest.loginButtonTest(LoginPageTest.java:44)
</failure>
    <system-err><![CDATA[Starting ChromeDriver 76.0.3809.68 (420c9498db8ce8fcd190a954d51297672c1515d5-refs/branch-heads/3809@{#864}) on port 24458
Only local connections are allowed.
Please protect ports used by ChromeDriver and related test frameworks to prevent access by malicious code.
[1568982082.500][WARNING]: Timed out connecting to Chrome, retrying...
Sep 20, 2019 5:51:24 PM org.openqa.selenium.remote.ProtocolHandshake createSession
INFO: Detected dialect: W3C
[1568982086.659][WARNING]: Timed out connecting to Chrome, retrying...
]]></system-err>
  </testcase>
  <testcase name="clickOnHotelsTest" classname="com.wheather.qa.testcases.HomePageTest" time="5.45"/>
  <testcase name="enterSearchDetailsTest" classname="com.wheather.qa.testcases.HotelsPageTest" time="15.644">
    <failure message="no such element: Unable to locate element: {&quot;method&quot;:&quot;xpath&quot;,&quot;selector&quot;:&quot;//div[@id=&apos;select2-drop&apos;]//input[@class=&apos;select2-input&apos;]&quot;}&#10;  (Session info: chrome=76.0.3809.132)&#10;For documentation on this error, please visit: https://www.seleniumhq.org/exceptions/no_such_element.html&#10;Build info: version: &apos;3.141.59&apos;, revision: &apos;e82be7d358&apos;, time: &apos;2018-11-14T08:17:03&apos;&#10;System info: host: &apos;DESKTOP-CP8B26T&apos;, ip: &apos;192.168.1.5&apos;, os.name: &apos;Windows 10&apos;, os.arch: &apos;amd64&apos;, os.version: &apos;10.0&apos;, java.version: &apos;1.8.0_211&apos;&#10;Driver info: org.openqa.selenium.chrome.ChromeDriver&#10;Capabilities {acceptInsecureCerts: false, browserName: chrome, browserVersion: 76.0.3809.132, chrome: {chromedriverVersion: 76.0.3809.68 (420c9498db8ce..., userDataDir: C:\Users\ritik\AppData\Loca...}, goog:chromeOptions: {debuggerAddress: localhost:55424}, javascriptEnabled: true, networkConnectionEnabled: false, pageLoadStrategy: normal, platform: XP, platformName: XP, proxy: Proxy(), setWindowRect: true, strictFileInteractability: false, timeouts: {implicit: 0, pageLoad: 300000, script: 30000}, unhandledPromptBehavior: dismiss and notify}&#10;Session ID: f84b5008be6080cc0207973dbcf67980&#10;*** Element info: {Using=xpath, value=//div[@id=&apos;select2-drop&apos;]//input[@class=&apos;select2-input&apos;]}" type="org.openqa.selenium.NoSuchElementException">org.openqa.selenium.NoSuchElementException: 
no such element: Unable to locate element: {"method":"xpath","selector":"//div[@id='select2-drop']//input[@class='select2-input']"}
  (Session info: chrome=76.0.3809.132)
For documentation on this error, please visit: https://www.seleniumhq.org/exceptions/no_such_element.html
Build info: version: '3.141.59', revision: 'e82be7d358', time: '2018-11-14T08:17:03'
System info: host: 'DESKTOP-CP8B26T', ip: '192.168.1.5', os.name: 'Windows 10', os.arch: 'amd64', os.version: '10.0', java.version: '1.8.0_211'
Driver info: org.openqa.selenium.chrome.ChromeDriver
Capabilities {acceptInsecureCerts: false, browserName: chrome, browserVersion: 76.0.3809.132, chrome: {chromedriverVersion: 76.0.3809.68 (420c9498db8ce..., userDataDir: C:\Users\ritik\AppData\Loca...}, goog:chromeOptions: {debuggerAddress: localhost:55424}, javascriptEnabled: true, networkConnectionEnabled: false, pageLoadStrategy: normal, platform: XP, platformName: XP, proxy: Proxy(), setWindowRect: true, strictFileInteractability: false, timeouts: {implicit: 0, pageLoad: 300000, script: 30000}, unhandledPromptBehavior: dismiss and notify}
Session ID: f84b5008be6080cc0207973dbcf67980
*** Element info: {Using=xpath, value=//div[@id='select2-drop']//input[@class='select2-input']}
	at com.wheather.qa.testcases.HotelsPageTest.enterSearchDetailsTest(HotelsPageTest.java:47)
</failure>
    <system-err><![CDATA[Starting ChromeDriver 76.0.3809.68 (420c9498db8ce8fcd190a954d51297672c1515d5-refs/branch-heads/3809@{#864}) on port 40024
Only local connections are allowed.
Please protect ports used by ChromeDriver and related test frameworks to prevent access by malicious code.
[1568982135.142][WARNING]: Timed out connecting to Chrome, retrying...
Sep 20, 2019 5:52:17 PM org.openqa.selenium.remote.ProtocolHandshake createSession
INFO: Detected dialect: W3C
[1568982139.286][WARNING]: Timed out connecting to Chrome, retrying...
]]></system-err>
  </testcase>
  <testcase name="loginTest" classname="com.wheather.qa.testcases.LoginPageTest" time="5.124"/>
</testsuite>