<?xml version="1.0" encoding="UTF-8"?>
<testng-results skipped="8" failed="1" total="18" passed="9">
  <reporter-output>
  </reporter-output>
  <suite name="API Testing" duration-ms="17987" started-at="2019-09-22T06:44:42Z" finished-at="2019-09-22T06:45:00Z">
    <groups>
    </groups>
    <test name="api-test" duration-ms="17965" started-at="2019-09-22T06:44:42Z" finished-at="2019-09-22T06:45:00Z">
      <class name="com.wheather.qa.api.TestCurrentWeather">
        <test-method status="PASS" signature="testCurrentWeatherWithInvalidKey()[pri:0, instance:com.wheather.qa.api.TestCurrentWeather@783e6358]" name="testCurrentWeatherWithInvalidKey" duration-ms="2554" started-at="2019-09-22T12:14:42Z" finished-at="2019-09-22T12:14:45Z">
          <reporter-output>
          </reporter-output>
        </test-method> <!-- testCurrentWeatherWithInvalidKey -->
        <test-method status="FAIL" signature="testCurrentWeatherWithInvalidPostalCode()[pri:0, instance:com.wheather.qa.api.TestCurrentWeather@783e6358]" name="testCurrentWeatherWithInvalidPostalCode" duration-ms="1774" started-at="2019-09-22T12:14:45Z" finished-at="2019-09-22T12:14:46Z">
          <exception class="java.lang.AssertionError">
            <message>
              <![CDATA[1 expectation failed.
Expected status code <400> doesn't match actual status code <200>.
]]>
            </message>
            <full-stacktrace>
              <![CDATA[java.lang.AssertionError: 1 expectation failed.
Expected status code <400> doesn't match actual status code <200>.

	at sun.reflect.NativeConstructorAccessorImpl.newInstance0(Native Method)
	at sun.reflect.NativeConstructorAccessorImpl.newInstance(NativeConstructorAccessorImpl.java:62)
	at sun.reflect.DelegatingConstructorAccessorImpl.newInstance(DelegatingConstructorAccessorImpl.java:45)
	at java.lang.reflect.Constructor.newInstance(Constructor.java:423)
	at org.codehaus.groovy.reflection.CachedConstructor.invoke(CachedConstructor.java:83)
	at org.codehaus.groovy.reflection.CachedConstructor.doConstructorInvoke(CachedConstructor.java:77)
	at org.codehaus.groovy.runtime.callsite.ConstructorSite$ConstructorSiteNoUnwrap.callConstructor(ConstructorSite.java:84)
	at org.codehaus.groovy.runtime.callsite.CallSiteArray.defaultCallConstructor(CallSiteArray.java:60)
	at org.codehaus.groovy.runtime.callsite.AbstractCallSite.callConstructor(AbstractCallSite.java:235)
	at org.codehaus.groovy.runtime.callsite.AbstractCallSite.callConstructor(AbstractCallSite.java:247)
	at io.restassured.internal.ResponseSpecificationImpl$HamcrestAssertionClosure.validate(ResponseSpecificationImpl.groovy:451)
	at io.restassured.internal.ResponseSpecificationImpl$HamcrestAssertionClosure$validate$1.call(Unknown Source)
	at io.restassured.internal.ResponseSpecificationImpl.validateResponseIfRequired(ResponseSpecificationImpl.groovy:613)
	at sun.reflect.NativeMethodAccessorImpl.invoke0(Native Method)
	at sun.reflect.NativeMethodAccessorImpl.invoke(NativeMethodAccessorImpl.java:62)
	at sun.reflect.DelegatingMethodAccessorImpl.invoke(DelegatingMethodAccessorImpl.java:43)
	at java.lang.reflect.Method.invoke(Method.java:498)
	at org.codehaus.groovy.runtime.callsite.PogoMetaMethodSite$PogoCachedMethodSiteNoUnwrapNoCoerce.invoke(PogoMetaMethodSite.java:210)
	at org.codehaus.groovy.runtime.callsite.PogoMetaMethodSite.callCurrent(PogoMetaMethodSite.java:59)
	at org.codehaus.groovy.runtime.callsite.AbstractCallSite.callCurrent(AbstractCallSite.java:166)
	at io.restassured.internal.ResponseSpecificationImpl.statusCode(ResponseSpecificationImpl.groovy:120)
	at io.restassured.specification.ResponseSpecification$statusCode$0.callCurrent(Unknown Source)
	at io.restassured.internal.ResponseSpecificationImpl.statusCode(ResponseSpecificationImpl.groovy:128)
	at io.restassured.internal.ValidatableResponseOptionsImpl.statusCode(ValidatableResponseOptionsImpl.java:117)
	at com.wheather.qa.api.TestCurrentWeather.testCurrentWeatherWithInvalidPostalCode(TestCurrentWeather.java:53)
	at sun.reflect.NativeMethodAccessorImpl.invoke0(Native Method)
	at sun.reflect.NativeMethodAccessorImpl.invoke(NativeMethodAccessorImpl.java:62)
	at sun.reflect.DelegatingMethodAccessorImpl.invoke(DelegatingMethodAccessorImpl.java:43)
	at java.lang.reflect.Method.invoke(Method.java:498)
	at org.testng.internal.MethodInvocationHelper.invokeMethod(MethodInvocationHelper.java:80)
	at org.testng.internal.Invoker.invokeMethod(Invoker.java:714)
	at org.testng.internal.Invoker.invokeTestMethod(Invoker.java:901)
	at org.testng.internal.Invoker.invokeTestMethods(Invoker.java:1231)
	at org.testng.internal.TestMethodWorker.invokeTestMethods(TestMethodWorker.java:127)
	at org.testng.internal.TestMethodWorker.run(TestMethodWorker.java:111)
	at org.testng.TestRunner.privateRun(TestRunner.java:767)
	at org.testng.TestRunner.run(TestRunner.java:617)
	at org.testng.SuiteRunner.runTest(SuiteRunner.java:334)
	at org.testng.SuiteRunner.access$000(SuiteRunner.java:37)
	at org.testng.SuiteRunner$SuiteWorker.run(SuiteRunner.java:368)
	at org.testng.internal.thread.ThreadUtil$2.call(ThreadUtil.java:64)
	at java.util.concurrent.FutureTask.run(FutureTask.java:266)
	at java.util.concurrent.ThreadPoolExecutor.runWorker(ThreadPoolExecutor.java:1149)
	at java.util.concurrent.ThreadPoolExecutor$Worker.run(ThreadPoolExecutor.java:624)
	at java.lang.Thread.run(Thread.java:748)
]]>
            </full-stacktrace>
          </exception> <!-- java.lang.AssertionError -->
          <reporter-output>
          </reporter-output>
        </test-method> <!-- testCurrentWeatherWithInvalidPostalCode -->
        <test-method status="PASS" signature="testCurrentWeatherWithLatAndLon(java.lang.Integer, java.lang.Integer)[pri:0, instance:com.wheather.qa.api.TestCurrentWeather@783e6358]" name="testCurrentWeatherWithLatAndLon" duration-ms="1716" started-at="2019-09-22T12:14:46Z" data-provider="latandlon" finished-at="2019-09-22T12:14:48Z">
          <params>
            <param index="0">
              <value>
                <![CDATA[28]]>
              </value>
            </param>
            <param index="1">
              <value>
                <![CDATA[78]]>
              </value>
            </param>
          </params>
          <reporter-output>
          </reporter-output>
        </test-method> <!-- testCurrentWeatherWithLatAndLon -->
        <test-method status="PASS" signature="testCurrentWeatherWithLatAndLon(java.lang.Integer, java.lang.Integer)[pri:0, instance:com.wheather.qa.api.TestCurrentWeather@783e6358]" name="testCurrentWeatherWithLatAndLon" duration-ms="1652" started-at="2019-09-22T12:14:48Z" data-provider="latandlon" finished-at="2019-09-22T12:14:50Z">
          <params>
            <param index="0">
              <value>
                <![CDATA[30]]>
              </value>
            </param>
            <param index="1">
              <value>
                <![CDATA[-100]]>
              </value>
            </param>
          </params>
          <reporter-output>
          </reporter-output>
        </test-method> <!-- testCurrentWeatherWithLatAndLon -->
        <test-method status="PASS" signature="testCurrentWeatherWithLatAndLon(java.lang.Integer, java.lang.Integer)[pri:0, instance:com.wheather.qa.api.TestCurrentWeather@783e6358]" name="testCurrentWeatherWithLatAndLon" duration-ms="1651" started-at="2019-09-22T12:14:50Z" data-provider="latandlon" finished-at="2019-09-22T12:14:51Z">
          <params>
            <param index="0">
              <value>
                <![CDATA[33]]>
              </value>
            </param>
            <param index="1">
              <value>
                <![CDATA[151]]>
              </value>
            </param>
          </params>
          <reporter-output>
          </reporter-output>
        </test-method> <!-- testCurrentWeatherWithLatAndLon -->
        <test-method status="PASS" signature="testCurrentWeatherWithLatAndLon(java.lang.Integer, java.lang.Integer)[pri:0, instance:com.wheather.qa.api.TestCurrentWeather@783e6358]" name="testCurrentWeatherWithLatAndLon" duration-ms="1719" started-at="2019-09-22T12:14:51Z" data-provider="latandlon" finished-at="2019-09-22T12:14:53Z">
          <params>
            <param index="0">
              <value>
                <![CDATA[-30]]>
              </value>
            </param>
            <param index="1">
              <value>
                <![CDATA[151]]>
              </value>
            </param>
          </params>
          <reporter-output>
          </reporter-output>
        </test-method> <!-- testCurrentWeatherWithLatAndLon -->
        <test-method status="PASS" signature="testCurrentWeatherWithPostCode(java.lang.String)[pri:0, instance:com.wheather.qa.api.TestCurrentWeather@783e6358]" name="testCurrentWeatherWithPostCode" duration-ms="1750" started-at="2019-09-22T12:14:53Z" data-provider="postalcode" finished-at="2019-09-22T12:14:55Z">
          <params>
            <param index="0">
              <value>
                <![CDATA[SE167BL]]>
              </value>
            </param>
          </params>
          <reporter-output>
          </reporter-output>
        </test-method> <!-- testCurrentWeatherWithPostCode -->
        <test-method status="PASS" signature="testCurrentWeatherWithPostCode(java.lang.String)[pri:0, instance:com.wheather.qa.api.TestCurrentWeather@783e6358]" name="testCurrentWeatherWithPostCode" duration-ms="1668" started-at="2019-09-22T12:14:55Z" data-provider="postalcode" finished-at="2019-09-22T12:14:57Z">
          <params>
            <param index="0">
              <value>
                <![CDATA[110085]]>
              </value>
            </param>
          </params>
          <reporter-output>
          </reporter-output>
        </test-method> <!-- testCurrentWeatherWithPostCode -->
        <test-method status="PASS" signature="testCurrentWeatherWithPostCode(java.lang.String)[pri:0, instance:com.wheather.qa.api.TestCurrentWeather@783e6358]" name="testCurrentWeatherWithPostCode" duration-ms="1691" started-at="2019-09-22T12:14:57Z" data-provider="postalcode" finished-at="2019-09-22T12:14:58Z">
          <params>
            <param index="0">
              <value>
                <![CDATA[2145]]>
              </value>
            </param>
          </params>
          <reporter-output>
          </reporter-output>
        </test-method> <!-- testCurrentWeatherWithPostCode -->
        <test-method status="PASS" signature="testCurrentWeatherWithPostCode(java.lang.String)[pri:0, instance:com.wheather.qa.api.TestCurrentWeather@783e6358]" name="testCurrentWeatherWithPostCode" duration-ms="1777" started-at="2019-09-22T12:14:58Z" data-provider="postalcode" finished-at="2019-09-22T12:15:00Z">
          <params>
            <param index="0">
              <value>
                <![CDATA[60173]]>
              </value>
            </param>
          </params>
          <reporter-output>
          </reporter-output>
        </test-method> <!-- testCurrentWeatherWithPostCode -->
      </class> <!-- com.wheather.qa.api.TestCurrentWeather -->
    </test> <!-- api-test -->
    <test name="ui-test" duration-ms="4" started-at="2019-09-22T06:45:00Z" finished-at="2019-09-22T06:45:00Z">
      <class name="com.wheather.qa.testcases.HotelsResultPageTest">
        <test-method status="FAIL" signature="setUp()[pri:0, instance:com.wheather.qa.testcases.HotelsResultPageTest@69d9c55]" name="setUp" is-config="true" duration-ms="0" started-at="2019-09-22T12:15:00Z" finished-at="2019-09-22T12:15:00Z">
          <exception class="java.lang.NullPointerException">
            <full-stacktrace>
              <![CDATA[java.lang.NullPointerException
	at com.wheather.qa.base.TestBase.initialization(TestBase.java:41)
	at com.wheather.qa.testcases.HotelsResultPageTest.setUp(HotelsResultPageTest.java:24)
	at sun.reflect.NativeMethodAccessorImpl.invoke0(Native Method)
	at sun.reflect.NativeMethodAccessorImpl.invoke(NativeMethodAccessorImpl.java:62)
	at sun.reflect.DelegatingMethodAccessorImpl.invoke(DelegatingMethodAccessorImpl.java:43)
	at java.lang.reflect.Method.invoke(Method.java:498)
	at org.testng.internal.MethodInvocationHelper.invokeMethod(MethodInvocationHelper.java:80)
	at org.testng.internal.Invoker.invokeConfigurationMethod(Invoker.java:564)
	at org.testng.internal.Invoker.invokeConfigurations(Invoker.java:213)
	at org.testng.internal.Invoker.invokeMethod(Invoker.java:653)
	at org.testng.internal.Invoker.invokeTestMethod(Invoker.java:901)
	at org.testng.internal.Invoker.invokeTestMethods(Invoker.java:1231)
	at org.testng.internal.TestMethodWorker.invokeTestMethods(TestMethodWorker.java:127)
	at org.testng.internal.TestMethodWorker.run(TestMethodWorker.java:111)
	at org.testng.TestRunner.privateRun(TestRunner.java:767)
	at org.testng.TestRunner.run(TestRunner.java:617)
	at org.testng.SuiteRunner.runTest(SuiteRunner.java:334)
	at org.testng.SuiteRunner.access$000(SuiteRunner.java:37)
	at org.testng.SuiteRunner$SuiteWorker.run(SuiteRunner.java:368)
	at org.testng.internal.thread.ThreadUtil$2.call(ThreadUtil.java:64)
	at java.util.concurrent.FutureTask.run(FutureTask.java:266)
	at java.util.concurrent.ThreadPoolExecutor.runWorker(ThreadPoolExecutor.java:1149)
	at java.util.concurrent.ThreadPoolExecutor$Worker.run(ThreadPoolExecutor.java:624)
	at java.lang.Thread.run(Thread.java:748)
]]>
            </full-stacktrace>
          </exception> <!-- java.lang.NullPointerException -->
          <reporter-output>
          </reporter-output>
        </test-method> <!-- setUp -->
        <test-method status="SKIP" signature="selectHotelTest()[pri:0, instance:com.wheather.qa.testcases.HotelsResultPageTest@69d9c55]" name="selectHotelTest" duration-ms="0" started-at="2019-09-22T12:15:00Z" finished-at="2019-09-22T12:15:00Z">
          <reporter-output>
          </reporter-output>
        </test-method> <!-- selectHotelTest -->
        <test-method status="SKIP" signature="tearDown()[pri:0, instance:com.wheather.qa.testcases.HotelsResultPageTest@69d9c55]" name="tearDown" is-config="true" duration-ms="0" started-at="2019-09-22T12:15:00Z" finished-at="2019-09-22T12:15:00Z">
          <reporter-output>
          </reporter-output>
        </test-method> <!-- tearDown -->
      </class> <!-- com.wheather.qa.testcases.HotelsResultPageTest -->
      <class name="com.wheather.qa.testcases.LoginPageTest">
        <test-method status="FAIL" signature="setUp()[pri:0, instance:com.wheather.qa.testcases.LoginPageTest@153f5a29]" name="setUp" is-config="true" duration-ms="0" started-at="2019-09-22T12:15:00Z" finished-at="2019-09-22T12:15:00Z">
          <exception class="java.lang.NullPointerException">
            <full-stacktrace>
              <![CDATA[java.lang.NullPointerException
	at com.wheather.qa.base.TestBase.initialization(TestBase.java:41)
	at com.wheather.qa.testcases.LoginPageTest.setUp(LoginPageTest.java:23)
	at sun.reflect.NativeMethodAccessorImpl.invoke0(Native Method)
	at sun.reflect.NativeMethodAccessorImpl.invoke(NativeMethodAccessorImpl.java:62)
	at sun.reflect.DelegatingMethodAccessorImpl.invoke(DelegatingMethodAccessorImpl.java:43)
	at java.lang.reflect.Method.invoke(Method.java:498)
	at org.testng.internal.MethodInvocationHelper.invokeMethod(MethodInvocationHelper.java:80)
	at org.testng.internal.Invoker.invokeConfigurationMethod(Invoker.java:564)
	at org.testng.internal.Invoker.invokeConfigurations(Invoker.java:213)
	at org.testng.internal.Invoker.invokeMethod(Invoker.java:653)
	at org.testng.internal.Invoker.invokeTestMethod(Invoker.java:901)
	at org.testng.internal.Invoker.invokeTestMethods(Invoker.java:1231)
	at org.testng.internal.TestMethodWorker.invokeTestMethods(TestMethodWorker.java:127)
	at org.testng.internal.TestMethodWorker.run(TestMethodWorker.java:111)
	at org.testng.TestRunner.privateRun(TestRunner.java:767)
	at org.testng.TestRunner.run(TestRunner.java:617)
	at org.testng.SuiteRunner.runTest(SuiteRunner.java:334)
	at org.testng.SuiteRunner.access$000(SuiteRunner.java:37)
	at org.testng.SuiteRunner$SuiteWorker.run(SuiteRunner.java:368)
	at org.testng.internal.thread.ThreadUtil$2.call(ThreadUtil.java:64)
	at java.util.concurrent.FutureTask.run(FutureTask.java:266)
	at java.util.concurrent.ThreadPoolExecutor.runWorker(ThreadPoolExecutor.java:1149)
	at java.util.concurrent.ThreadPoolExecutor$Worker.run(ThreadPoolExecutor.java:624)
	at java.lang.Thread.run(Thread.java:748)
]]>
            </full-stacktrace>
          </exception> <!-- java.lang.NullPointerException -->
          <reporter-output>
          </reporter-output>
        </test-method> <!-- setUp -->
        <test-method status="SKIP" signature="loginPageTitleTest()[pri:0, instance:com.wheather.qa.testcases.LoginPageTest@153f5a29]" name="loginPageTitleTest" duration-ms="0" started-at="2019-09-22T12:15:00Z" finished-at="2019-09-22T12:15:00Z">
          <reporter-output>
          </reporter-output>
        </test-method> <!-- loginPageTitleTest -->
        <test-method status="SKIP" signature="tearDown()[pri:0, instance:com.wheather.qa.testcases.LoginPageTest@153f5a29]" name="tearDown" is-config="true" duration-ms="0" started-at="2019-09-22T12:15:00Z" finished-at="2019-09-22T12:15:00Z">
          <reporter-output>
          </reporter-output>
        </test-method> <!-- tearDown -->
        <test-method status="SKIP" signature="tearDown()[pri:0, instance:com.wheather.qa.testcases.LoginPageTest@153f5a29]" name="tearDown" is-config="true" duration-ms="0" started-at="2019-09-22T12:15:00Z" finished-at="2019-09-22T12:15:00Z">
          <reporter-output>
          </reporter-output>
        </test-method> <!-- tearDown -->
        <test-method status="SKIP" signature="setUp()[pri:0, instance:com.wheather.qa.testcases.LoginPageTest@153f5a29]" name="setUp" is-config="true" duration-ms="0" started-at="2019-09-22T12:15:00Z" finished-at="2019-09-22T12:15:00Z">
          <reporter-output>
          </reporter-output>
        </test-method> <!-- setUp -->
        <test-method status="SKIP" signature="loginButtonTest()[pri:0, instance:com.wheather.qa.testcases.LoginPageTest@153f5a29]" name="loginButtonTest" duration-ms="0" started-at="2019-09-22T12:15:00Z" finished-at="2019-09-22T12:15:00Z">
          <reporter-output>
          </reporter-output>
        </test-method> <!-- loginButtonTest -->
        <test-method status="SKIP" signature="loginTest()[pri:0, instance:com.wheather.qa.testcases.LoginPageTest@153f5a29]" name="loginTest" duration-ms="0" started-at="2019-09-22T12:15:00Z" finished-at="2019-09-22T12:15:00Z">
          <reporter-output>
          </reporter-output>
        </test-method> <!-- loginTest -->
        <test-method status="SKIP" signature="setUp()[pri:0, instance:com.wheather.qa.testcases.LoginPageTest@153f5a29]" name="setUp" is-config="true" duration-ms="0" started-at="2019-09-22T12:15:00Z" finished-at="2019-09-22T12:15:00Z">
          <reporter-output>
          </reporter-output>
        </test-method> <!-- setUp -->
        <test-method status="SKIP" signature="tearDown()[pri:0, instance:com.wheather.qa.testcases.LoginPageTest@153f5a29]" name="tearDown" is-config="true" duration-ms="0" started-at="2019-09-22T12:15:00Z" finished-at="2019-09-22T12:15:00Z">
          <reporter-output>
          </reporter-output>
        </test-method> <!-- tearDown -->
      </class> <!-- com.wheather.qa.testcases.LoginPageTest -->
      <class name="com.wheather.qa.testcases.HotelDetailsPageTest">
        <test-method status="FAIL" signature="setUp()[pri:0, instance:com.wheather.qa.testcases.HotelDetailsPageTest@13a57a3b]" name="setUp" is-config="true" duration-ms="0" started-at="2019-09-22T12:15:00Z" finished-at="2019-09-22T12:15:00Z">
          <exception class="java.lang.NullPointerException">
            <full-stacktrace>
              <![CDATA[java.lang.NullPointerException
	at com.wheather.qa.base.TestBase.initialization(TestBase.java:41)
	at com.wheather.qa.testcases.HotelDetailsPageTest.setUp(HotelDetailsPageTest.java:30)
	at sun.reflect.NativeMethodAccessorImpl.invoke0(Native Method)
	at sun.reflect.NativeMethodAccessorImpl.invoke(NativeMethodAccessorImpl.java:62)
	at sun.reflect.DelegatingMethodAccessorImpl.invoke(DelegatingMethodAccessorImpl.java:43)
	at java.lang.reflect.Method.invoke(Method.java:498)
	at org.testng.internal.MethodInvocationHelper.invokeMethod(MethodInvocationHelper.java:80)
	at org.testng.internal.Invoker.invokeConfigurationMethod(Invoker.java:564)
	at org.testng.internal.Invoker.invokeConfigurations(Invoker.java:213)
	at org.testng.internal.Invoker.invokeMethod(Invoker.java:653)
	at org.testng.internal.Invoker.invokeTestMethod(Invoker.java:901)
	at org.testng.internal.Invoker.invokeTestMethods(Invoker.java:1231)
	at org.testng.internal.TestMethodWorker.invokeTestMethods(TestMethodWorker.java:127)
	at org.testng.internal.TestMethodWorker.run(TestMethodWorker.java:111)
	at org.testng.TestRunner.privateRun(TestRunner.java:767)
	at org.testng.TestRunner.run(TestRunner.java:617)
	at org.testng.SuiteRunner.runTest(SuiteRunner.java:334)
	at org.testng.SuiteRunner.access$000(SuiteRunner.java:37)
	at org.testng.SuiteRunner$SuiteWorker.run(SuiteRunner.java:368)
	at org.testng.internal.thread.ThreadUtil$2.call(ThreadUtil.java:64)
	at java.util.concurrent.FutureTask.run(FutureTask.java:266)
	at java.util.concurrent.ThreadPoolExecutor.runWorker(ThreadPoolExecutor.java:1149)
	at java.util.concurrent.ThreadPoolExecutor$Worker.run(ThreadPoolExecutor.java:624)
	at java.lang.Thread.run(Thread.java:748)
]]>
            </full-stacktrace>
          </exception> <!-- java.lang.NullPointerException -->
          <reporter-output>
          </reporter-output>
        </test-method> <!-- setUp -->
        <test-method status="SKIP" signature="clickOnBookNow()[pri:0, instance:com.wheather.qa.testcases.HotelDetailsPageTest@13a57a3b]" name="clickOnBookNow" duration-ms="0" started-at="2019-09-22T12:15:00Z" finished-at="2019-09-22T12:15:00Z">
          <reporter-output>
          </reporter-output>
        </test-method> <!-- clickOnBookNow -->
        <test-method status="SKIP" signature="tearDown()[pri:0, instance:com.wheather.qa.testcases.HotelDetailsPageTest@13a57a3b]" name="tearDown" is-config="true" duration-ms="0" started-at="2019-09-22T12:15:00Z" finished-at="2019-09-22T12:15:00Z">
          <reporter-output>
          </reporter-output>
        </test-method> <!-- tearDown -->
      </class> <!-- com.wheather.qa.testcases.HotelDetailsPageTest -->
      <class name="com.wheather.qa.testcases.HomePageTest">
        <test-method status="FAIL" signature="setUp()[pri:0, instance:com.wheather.qa.testcases.HomePageTest@26f67b76]" name="setUp" is-config="true" duration-ms="0" started-at="2019-09-22T12:15:00Z" finished-at="2019-09-22T12:15:00Z">
          <exception class="java.lang.NullPointerException">
            <full-stacktrace>
              <![CDATA[java.lang.NullPointerException
	at com.wheather.qa.base.TestBase.initialization(TestBase.java:41)
	at com.wheather.qa.testcases.HomePageTest.setUp(HomePageTest.java:21)
	at sun.reflect.NativeMethodAccessorImpl.invoke0(Native Method)
	at sun.reflect.NativeMethodAccessorImpl.invoke(NativeMethodAccessorImpl.java:62)
	at sun.reflect.DelegatingMethodAccessorImpl.invoke(DelegatingMethodAccessorImpl.java:43)
	at java.lang.reflect.Method.invoke(Method.java:498)
	at org.testng.internal.MethodInvocationHelper.invokeMethod(MethodInvocationHelper.java:80)
	at org.testng.internal.Invoker.invokeConfigurationMethod(Invoker.java:564)
	at org.testng.internal.Invoker.invokeConfigurations(Invoker.java:213)
	at org.testng.internal.Invoker.invokeMethod(Invoker.java:653)
	at org.testng.internal.Invoker.invokeTestMethod(Invoker.java:901)
	at org.testng.internal.Invoker.invokeTestMethods(Invoker.java:1231)
	at org.testng.internal.TestMethodWorker.invokeTestMethods(TestMethodWorker.java:127)
	at org.testng.internal.TestMethodWorker.run(TestMethodWorker.java:111)
	at org.testng.TestRunner.privateRun(TestRunner.java:767)
	at org.testng.TestRunner.run(TestRunner.java:617)
	at org.testng.SuiteRunner.runTest(SuiteRunner.java:334)
	at org.testng.SuiteRunner.access$000(SuiteRunner.java:37)
	at org.testng.SuiteRunner$SuiteWorker.run(SuiteRunner.java:368)
	at org.testng.internal.thread.ThreadUtil$2.call(ThreadUtil.java:64)
	at java.util.concurrent.FutureTask.run(FutureTask.java:266)
	at java.util.concurrent.ThreadPoolExecutor.runWorker(ThreadPoolExecutor.java:1149)
	at java.util.concurrent.ThreadPoolExecutor$Worker.run(ThreadPoolExecutor.java:624)
	at java.lang.Thread.run(Thread.java:748)
]]>
            </full-stacktrace>
          </exception> <!-- java.lang.NullPointerException -->
          <reporter-output>
          </reporter-output>
        </test-method> <!-- setUp -->
        <test-method status="SKIP" signature="homePageTitleTest()[pri:0, instance:com.wheather.qa.testcases.HomePageTest@26f67b76]" name="homePageTitleTest" duration-ms="0" started-at="2019-09-22T12:15:00Z" finished-at="2019-09-22T12:15:00Z">
          <reporter-output>
          </reporter-output>
        </test-method> <!-- homePageTitleTest -->
        <test-method status="SKIP" signature="clickOnHotelsTest()[pri:0, instance:com.wheather.qa.testcases.HomePageTest@26f67b76]" name="clickOnHotelsTest" duration-ms="0" started-at="2019-09-22T12:15:00Z" finished-at="2019-09-22T12:15:00Z">
          <reporter-output>
          </reporter-output>
        </test-method> <!-- clickOnHotelsTest -->
        <test-method status="SKIP" signature="tearDown()[pri:0, instance:com.wheather.qa.testcases.HomePageTest@26f67b76]" name="tearDown" is-config="true" duration-ms="0" started-at="2019-09-22T12:15:00Z" finished-at="2019-09-22T12:15:00Z">
          <reporter-output>
          </reporter-output>
        </test-method> <!-- tearDown -->
        <test-method status="SKIP" signature="setUp()[pri:0, instance:com.wheather.qa.testcases.HomePageTest@26f67b76]" name="setUp" is-config="true" duration-ms="0" started-at="2019-09-22T12:15:00Z" finished-at="2019-09-22T12:15:00Z">
          <reporter-output>
          </reporter-output>
        </test-method> <!-- setUp -->
        <test-method status="SKIP" signature="tearDown()[pri:0, instance:com.wheather.qa.testcases.HomePageTest@26f67b76]" name="tearDown" is-config="true" duration-ms="0" started-at="2019-09-22T12:15:00Z" finished-at="2019-09-22T12:15:00Z">
          <reporter-output>
          </reporter-output>
        </test-method> <!-- tearDown -->
      </class> <!-- com.wheather.qa.testcases.HomePageTest -->
      <class name="com.wheather.qa.api.TestCurrentWeather">
        <test-method status="PASS" signature="beforeSuite()[pri:0, instance:com.wheather.qa.api.TestCurrentWeather@783e6358]" name="beforeSuite" is-config="true" duration-ms="12" started-at="2019-09-22T12:14:42Z" finished-at="2019-09-22T12:14:42Z">
          <reporter-output>
          </reporter-output>
        </test-method> <!-- beforeSuite -->
        <test-method status="PASS" signature="afterSuite()[pri:0, instance:com.wheather.qa.api.TestCurrentWeather@783e6358]" name="afterSuite" is-config="true" duration-ms="0" started-at="2019-09-22T12:15:00Z" finished-at="2019-09-22T12:15:00Z">
          <reporter-output>
          </reporter-output>
        </test-method> <!-- afterSuite -->
      </class> <!-- com.wheather.qa.api.TestCurrentWeather -->
      <class name="com.wheather.qa.testcases.HotelsPageTest">
        <test-method status="SKIP" signature="tearDown()[pri:0, instance:com.wheather.qa.testcases.HotelsPageTest@7f560810]" name="tearDown" is-config="true" duration-ms="0" started-at="2019-09-22T12:15:00Z" finished-at="2019-09-22T12:15:00Z">
          <reporter-output>
          </reporter-output>
        </test-method> <!-- tearDown -->
        <test-method status="FAIL" signature="setUp()[pri:0, instance:com.wheather.qa.testcases.HotelsPageTest@7f560810]" name="setUp" is-config="true" duration-ms="0" started-at="2019-09-22T12:15:00Z" finished-at="2019-09-22T12:15:00Z">
          <exception class="java.lang.NullPointerException">
            <full-stacktrace>
              <![CDATA[java.lang.NullPointerException
	at com.wheather.qa.base.TestBase.initialization(TestBase.java:41)
	at com.wheather.qa.testcases.HotelsPageTest.setUp(HotelsPageTest.java:23)
	at sun.reflect.NativeMethodAccessorImpl.invoke0(Native Method)
	at sun.reflect.NativeMethodAccessorImpl.invoke(NativeMethodAccessorImpl.java:62)
	at sun.reflect.DelegatingMethodAccessorImpl.invoke(DelegatingMethodAccessorImpl.java:43)
	at java.lang.reflect.Method.invoke(Method.java:498)
	at org.testng.internal.MethodInvocationHelper.invokeMethod(MethodInvocationHelper.java:80)
	at org.testng.internal.Invoker.invokeConfigurationMethod(Invoker.java:564)
	at org.testng.internal.Invoker.invokeConfigurations(Invoker.java:213)
	at org.testng.internal.Invoker.invokeMethod(Invoker.java:653)
	at org.testng.internal.Invoker.invokeTestMethod(Invoker.java:901)
	at org.testng.internal.Invoker.invokeTestMethods(Invoker.java:1231)
	at org.testng.internal.TestMethodWorker.invokeTestMethods(TestMethodWorker.java:127)
	at org.testng.internal.TestMethodWorker.run(TestMethodWorker.java:111)
	at org.testng.TestRunner.privateRun(TestRunner.java:767)
	at org.testng.TestRunner.run(TestRunner.java:617)
	at org.testng.SuiteRunner.runTest(SuiteRunner.java:334)
	at org.testng.SuiteRunner.access$000(SuiteRunner.java:37)
	at org.testng.SuiteRunner$SuiteWorker.run(SuiteRunner.java:368)
	at org.testng.internal.thread.ThreadUtil$2.call(ThreadUtil.java:64)
	at java.util.concurrent.FutureTask.run(FutureTask.java:266)
	at java.util.concurrent.ThreadPoolExecutor.runWorker(ThreadPoolExecutor.java:1149)
	at java.util.concurrent.ThreadPoolExecutor$Worker.run(ThreadPoolExecutor.java:624)
	at java.lang.Thread.run(Thread.java:748)
]]>
            </full-stacktrace>
          </exception> <!-- java.lang.NullPointerException -->
          <reporter-output>
          </reporter-output>
        </test-method> <!-- setUp -->
        <test-method status="SKIP" signature="enterSearchDetailsTest()[pri:0, instance:com.wheather.qa.testcases.HotelsPageTest@7f560810]" name="enterSearchDetailsTest" duration-ms="0" started-at="2019-09-22T12:15:00Z" finished-at="2019-09-22T12:15:00Z">
          <reporter-output>
          </reporter-output>
        </test-method> <!-- enterSearchDetailsTest -->
      </class> <!-- com.wheather.qa.testcases.HotelsPageTest -->
    </test> <!-- ui-test -->
  </suite> <!-- API Testing -->
</testng-results>
