<?xml version="1.0" encoding="UTF-8"?>
<testsuite xmlns:xsi="http://www.w3.org/2001/XMLSchema-instance" xsi:schemaLocation="https://maven.apache.org/surefire/maven-surefire-plugin/xsd/surefire-test-report.xsd" name="TestSuite" time="18.466" tests="34" errors="0" skipped="19" failures="6">
  <properties>
[...]
</properties>
  <testcase name="testCurrentWeatherWithInvalidKey" classname="com.wheather.qa.api.TestCurrentWeather" time="2.555"/>
  <testcase name="testCurrentWeatherWithInvalidPostalCode" classname="com.wheather.qa.api.TestCurrentWeather" time="1.779">
    <failure message="1 expectation failed.&#10;Expected status code &lt;400&gt; doesn&apos;t match actual status code &lt;200&gt;.&#10;" type="java.lang.AssertionError"><![CDATA[java.lang.AssertionError: 
1 expectation failed.
Expected status code <400> doesn't match actual status code <200>.

	at com.wheather.qa.api.TestCurrentWeather.testCurrentWeatherWithInvalidPostalCode(TestCurrentWeather.java:53)
]]></failure>
    <system-out><![CDATA[Request method:	GET
Request URI:	https://api.weatherbit.io/v2.0/current?postal_code=-60173&key=f798d5303d9c444ba0a776785af0f8de
Proxy:			<none>
Request params:	<none>
Query params:	postal_code=-60173
				key=f798d5303d9c444ba0a776785af0f8de
Form params:	<none>
Path params:	<none>
Multiparts:		<none>
Headers:		Accept=*/*
Cookies:		<none>
Body:			<none>
]]></system-out>
  </testcase>
  <testcase name="testCurrentWeatherWithLatAndLon" classname="com.wheather.qa.api.TestCurrentWeather" time="1.716"/>
  <testcase name="testCurrentWeatherWithLatAndLon" classname="com.wheather.qa.api.TestCurrentWeather" time="1.652"/>
  <testcase name="testCurrentWeatherWithLatAndLon" classname="com.wheather.qa.api.TestCurrentWeather" time="1.651"/>
  <testcase name="testCurrentWeatherWithLatAndLon" classname="com.wheather.qa.api.TestCurrentWeather" time="1.719"/>
  <testcase name="testCurrentWeatherWithPostCode" classname="com.wheather.qa.api.TestCurrentWeather" time="1.75"/>
  <testcase name="testCurrentWeatherWithPostCode" classname="com.wheather.qa.api.TestCurrentWeather" time="1.669"/>
  <testcase name="testCurrentWeatherWithPostCode" classname="com.wheather.qa.api.TestCurrentWeather" time="1.691"/>
  <testcase name="testCurrentWeatherWithPostCode" classname="com.wheather.qa.api.TestCurrentWeather" time="1.777"/>
  <testcase name="setUp" classname="com.wheather.qa.testcases.HotelsResultPageTest" time="1.797">
    <failure type="java.lang.NullPointerException">java.lang.NullPointerException
	at com.wheather.qa.testcases.HotelsResultPageTest.setUp(HotelsResultPageTest.java:24)
</failure>
  </testcase>
  <testcase name="selectHotelTest" classname="com.wheather.qa.testcases.HotelsResultPageTest" time="0">
    <skipped/>
  </testcase>
  <testcase name="tearDown" classname="com.wheather.qa.testcases.HotelsResultPageTest" time="0">
    <skipped/>
  </testcase>
  <testcase name="setUp" classname="com.wheather.qa.testcases.HotelDetailsPageTest" time="0">
    <failure type="java.lang.NullPointerException">java.lang.NullPointerException
	at com.wheather.qa.testcases.HotelDetailsPageTest.setUp(HotelDetailsPageTest.java:30)
</failure>
  </testcase>
  <testcase name="clickOnBookNow" classname="com.wheather.qa.testcases.HotelDetailsPageTest" time="0">
    <skipped/>
  </testcase>
  <testcase name="tearDown" classname="com.wheather.qa.testcases.HotelDetailsPageTest" time="0">
    <skipped/>
  </testcase>
  <testcase name="setUp" classname="com.wheather.qa.testcases.LoginPageTest" time="0.001">
    <failure type="java.lang.NullPointerException">java.lang.NullPointerException
	at com.wheather.qa.testcases.LoginPageTest.setUp(LoginPageTest.java:23)
</failure>
  </testcase>
  <testcase name="setUp" classname="com.wheather.qa.testcases.LoginPageTest" time="0">
    <skipped/>
  </testcase>
  <testcase name="setUp" classname="com.wheather.qa.testcases.LoginPageTest" time="0">
    <skipped/>
  </testcase>
  <testcase name="loginPageTitleTest" classname="com.wheather.qa.testcases.LoginPageTest" time="0">
    <skipped/>
  </testcase>
  <testcase name="tearDown" classname="com.wheather.qa.testcases.LoginPageTest" time="0">
    <skipped/>
  </testcase>
  <testcase name="tearDown" classname="com.wheather.qa.testcases.LoginPageTest" time="0">
    <skipped/>
  </testcase>
  <testcase name="tearDown" classname="com.wheather.qa.testcases.LoginPageTest" time="0">
    <skipped/>
  </testcase>
  <testcase name="setUp" classname="com.wheather.qa.testcases.HomePageTest" time="0.001">
    <failure type="java.lang.NullPointerException">java.lang.NullPointerException
	at com.wheather.qa.testcases.HomePageTest.setUp(HomePageTest.java:21)
</failure>
  </testcase>
  <testcase name="setUp" classname="com.wheather.qa.testcases.HomePageTest" time="0">
    <skipped/>
  </testcase>
  <testcase name="homePageTitleTest" classname="com.wheather.qa.testcases.HomePageTest" time="0">
    <skipped/>
  </testcase>
  <testcase name="tearDown" classname="com.wheather.qa.testcases.HomePageTest" time="0">
    <skipped/>
  </testcase>
  <testcase name="tearDown" classname="com.wheather.qa.testcases.HomePageTest" time="0">
    <skipped/>
  </testcase>
  <testcase name="loginButtonTest" classname="com.wheather.qa.testcases.LoginPageTest" time="0">
    <skipped/>
  </testcase>
  <testcase name="clickOnHotelsTest" classname="com.wheather.qa.testcases.HomePageTest" time="0">
    <skipped/>
  </testcase>
  <testcase name="setUp" classname="com.wheather.qa.testcases.HotelsPageTest" time="0.001">
    <failure type="java.lang.NullPointerException">java.lang.NullPointerException
	at com.wheather.qa.testcases.HotelsPageTest.setUp(HotelsPageTest.java:23)
</failure>
  </testcase>
  <testcase name="enterSearchDetailsTest" classname="com.wheather.qa.testcases.HotelsPageTest" time="0">
    <skipped/>
  </testcase>
  <testcase name="tearDown" classname="com.wheather.qa.testcases.HotelsPageTest" time="0">
    <skipped/>
  </testcase>
  <testcase name="loginTest" classname="com.wheather.qa.testcases.LoginPageTest" time="0">
    <skipped/>
  </testcase>
</testsuite>