-------------------------------------------------------------------------------
Test set: TestSuite
-------------------------------------------------------------------------------
Tests run: 34, Failures: 6, Errors: 0, Skipped: 19, Time elapsed: 18.466 sec <<< FAILURE! - in TestSuite
testCurrentWeatherWithInvalidPostalCode(com.wheather.qa.api.TestCurrentWeather)  Time elapsed: 1.779 sec  <<< FAILURE!
java.lang.AssertionError: 
1 expectation failed.
Expected status code <400> doesn't match actual status code <200>.

	at com.wheather.qa.api.TestCurrentWeather.testCurrentWeatherWithInvalidPostalCode(TestCurrentWeather.java:53)

setUp(com.wheather.qa.testcases.HotelsResultPageTest)  Time elapsed: 1.797 sec  <<< FAILURE!
java.lang.NullPointerException
	at com.wheather.qa.testcases.HotelsResultPageTest.setUp(HotelsResultPageTest.java:24)

setUp(com.wheather.qa.testcases.HotelDetailsPageTest)  Time elapsed: 0 sec  <<< FAILURE!
java.lang.NullPointerException
	at com.wheather.qa.testcases.HotelDetailsPageTest.setUp(HotelDetailsPageTest.java:30)

setUp(com.wheather.qa.testcases.LoginPageTest)  Time elapsed: 0.001 sec  <<< FAILURE!
java.lang.NullPointerException
	at com.wheather.qa.testcases.LoginPageTest.setUp(LoginPageTest.java:23)

setUp(com.wheather.qa.testcases.HomePageTest)  Time elapsed: 0.001 sec  <<< FAILURE!
java.lang.NullPointerException
	at com.wheather.qa.testcases.HomePageTest.setUp(HomePageTest.java:21)

setUp(com.wheather.qa.testcases.HotelsPageTest)  Time elapsed: 0.001 sec  <<< FAILURE!
java.lang.NullPointerException
	at com.wheather.qa.testcases.HotelsPageTest.setUp(HotelsPageTest.java:23)

