<?xml version="1.0" encoding="UTF-8"?>
<testng-results skipped="0" failed="0" ignored="0" total="3" passed="3">
  <reporter-output>
  </reporter-output>
  <suite name="Default suite" duration-ms="5890" started-at="2019-09-19T10:25:26 IST" finished-at="2019-09-19T10:25:32 IST">
    <groups>
    </groups>
    <test name="Default test" duration-ms="5890" started-at="2019-09-19T10:25:26 IST" finished-at="2019-09-19T10:25:32 IST">
      <class name="api.TestCurrentWeather">
        <test-method status="PASS" signature="beforeSuite()[pri:0, instance:api.TestCurrentWeather@3b084709]" name="beforeSuite" is-config="true" duration-ms="12" started-at="2019-09-19T10:25:26 IST" finished-at="2019-09-19T10:25:26 IST">
          <reporter-output>
          </reporter-output>
        </test-method> <!-- beforeSuite -->
        <test-method status="PASS" signature="testCurrentWeatherWithLatAndLon(java.lang.Integer, java.lang.Integer)[pri:0, instance:api.TestCurrentWeather@3b084709]" name="testCurrentWeatherWithLatAndLon" duration-ms="2824" started-at="2019-09-19T10:25:26 IST" data-provider="latandlon" finished-at="2019-09-19T10:25:29 IST">
          <params>
            <param index="0">
              <value>
                <![CDATA[28]]>
              </value>
            </param>
            <param index="1">
              <value>
                <![CDATA[78]]>
              </value>
            </param>
          </params>
          <reporter-output>
          </reporter-output>
        </test-method> <!-- testCurrentWeatherWithLatAndLon -->
        <test-method status="PASS" signature="testCurrentWeatherWithPostCode(java.lang.String)[pri:0, instance:api.TestCurrentWeather@3b084709]" name="testCurrentWeatherWithPostCode" duration-ms="1493" started-at="2019-09-19T10:25:29 IST" data-provider="postalcode" finished-at="2019-09-19T10:25:31 IST">
          <params>
            <param index="0">
              <value>
                <![CDATA[SE167BL]]>
              </value>
            </param>
          </params>
          <reporter-output>
          </reporter-output>
        </test-method> <!-- testCurrentWeatherWithPostCode -->
        <test-method status="PASS" signature="testCurrentWeatherWithPostCode(java.lang.String)[pri:0, instance:api.TestCurrentWeather@3b084709]" name="testCurrentWeatherWithPostCode" duration-ms="1540" started-at="2019-09-19T10:25:31 IST" data-provider="postalcode" finished-at="2019-09-19T10:25:32 IST">
          <params>
            <param index="0">
              <value>
                <![CDATA[110085]]>
              </value>
            </param>
          </params>
          <reporter-output>
          </reporter-output>
        </test-method> <!-- testCurrentWeatherWithPostCode -->
        <test-method status="PASS" signature="afterSuite()[pri:0, instance:api.TestCurrentWeather@3b084709]" name="afterSuite" is-config="true" duration-ms="1" started-at="2019-09-19T10:25:32 IST" finished-at="2019-09-19T10:25:32 IST">
          <reporter-output>
          </reporter-output>
        </test-method> <!-- afterSuite -->
      </class> <!-- api.TestCurrentWeather -->
    </test> <!-- Default test -->
  </suite> <!-- Default suite -->
</testng-results>
